<?xml version="1.0" encoding="UTF-8"?>
<testsuite xmlns:xsi="http://www.w3.org/2001/XMLSchema-instance" xsi:noNamespaceSchemaLocation="https://maven.apache.org/surefire/maven-surefire-plugin/xsd/surefire-test-report-3.0.xsd" version="3.0" name="br.com.fesa.projetos.analisadorsintatico.AnalisadorTest" time="0.232" tests="16" errors="0" skipped="0" failures="0">
  <properties>
[...]
</properties>
  <testcase name="testRealizaAnaliseTrue(String)[1]" classname="br.com.fesa.projetos.analisadorsintatico.AnalisadorTest" time="0.067"/>
  <testcase name="testRealizaAnaliseTrue(String)[2]" classname="br.com.fesa.projetos.analisadorsintatico.AnalisadorTest" time="0.005"/>
  <testcase name="testRealizaAnaliseTrue(String)[3]" classname="br.com.fesa.projetos.analisadorsintatico.AnalisadorTest" time="0.006"/>
  <testcase name="testRealizaAnaliseTrue(String)[4]" classname="br.com.fesa.projetos.analisadorsintatico.AnalisadorTest" time="0.003"/>
  <testcase name="testRealizaAnaliseTrue(String)[5]" classname="br.com.fesa.projetos.analisadorsintatico.AnalisadorTest" time="0.005"/>
  <testcase name="testRealizaAnaliseTrue(String)[6]" classname="br.com.fesa.projetos.analisadorsintatico.AnalisadorTest" time="0.003"/>
  <testcase name="testRealizaAnaliseTrue(String)[7]" classname="br.com.fesa.projetos.analisadorsintatico.AnalisadorTest" time="0.003"/>
  <testcase name="testRealizaAnaliseTrue(String)[8]" classname="br.com.fesa.projetos.analisadorsintatico.AnalisadorTest" time="0.003"/>
  <testcase name="testRealizaAnaliseFalse(String)[1]" classname="br.com.fesa.projetos.analisadorsintatico.AnalisadorTest" time="0.001"/>
  <testcase name="testRealizaAnaliseFalse(String)[2]" classname="br.com.fesa.projetos.analisadorsintatico.AnalisadorTest" time="0"/>
  <testcase name="testRealizaAnaliseFalse(String)[3]" classname="br.com.fesa.projetos.analisadorsintatico.AnalisadorTest" time="0"/>
  <testcase name="testRealizaAnaliseFalse(String)[4]" classname="br.com.fesa.projetos.analisadorsintatico.AnalisadorTest" time="0"/>
  <testcase name="testRealizaAnaliseFalse(String)[5]" classname="br.com.fesa.projetos.analisadorsintatico.AnalisadorTest" time="0"/>
  <testcase name="testRealizaAnaliseFalse(String)[6]" classname="br.com.fesa.projetos.analisadorsintatico.AnalisadorTest" time="0.018"/>
  <testcase name="testRealizaAnaliseFalse(String)[7]" classname="br.com.fesa.projetos.analisadorsintatico.AnalisadorTest" time="0.002"/>
  <testcase name="testRealizaAnaliseFalse(String)[8]" classname="br.com.fesa.projetos.analisadorsintatico.AnalisadorTest" time="0.002"/>
</testsuite>